<?xml version="1.0" encoding="UTF-8"?>
<!-- Generated by org.testng.reporters.JUnitReportReporter -->
<testsuite hostname="IB-Pune-LAP-411" failures="0" tests="1" name="automationCompanyPage.tests.StandAloneTest2" time="10.747" errors="0" timestamp="2024-07-29T07:43:26 GMT-04:00" skipped="0">
  <testcase classname="automationCompanyPage.tests.StandAloneTest2" name="order" time="10.747"/>
</testsuite> <!-- automationCompanyPage.tests.StandAloneTest2 -->
